<?xml version="1.0" encoding="UTF-8"?>
<testsuite time='0.000022' skipped='0' failures='0' errors='0' name="states" assertions='2' tests='1'>
  <testcase time='0.000022' file="test/state_constants_test.rb" name="test_0001_should return some states" assertions='2'>
  </testcase>
</testsuite>
