<?xml version="1.0" encoding="UTF-8"?>
<testsuite time='0.000027' skipped='0' failures='0' errors='0' name="StateGeoToolsTest" assertions='1' tests='2'>
  <testcase time='0.000007' file="test/state_geo_tools_test.rb" name="test_it_does_something_useful" assertions='0'>
  </testcase>
  <testcase time='0.000020' file="test/state_geo_tools_test.rb" name="test_that_it_has_a_version_number" assertions='1'>
  </testcase>
</testsuite>
